<?xml version="1.0" encoding="UTF-8"?>
<testsuites tests="2" failures="0" disabled="0" errors="0" time="4.51" timestamp="2021-05-16T22:27:14" name="AllTests">
  <testsuite name="SIM" tests="2" failures="0" disabled="0" errors="0" time="4.51" timestamp="2021-05-16T22:27:14">
    <testcase name="CPP_TopicTest" status="run" result="completed" time="2.003" timestamp="2021-05-16T22:27:14" classname="SIM" />
    <testcase name="CPP_ReachedWall" status="run" result="completed" time="2.507" timestamp="2021-05-16T22:27:16" classname="SIM" />
  </testsuite>
</testsuites>
